2021-05-28 19:29:12 I/Bot 2771589125: Loaded account secrets from local cache.
2021-05-28 19:29:13.516  INFO 14092 --- [         task-1] l.linxun.minatoaqua.web.bot.BotService   : bot 启动......
2021-05-28 19:29:13 I/Bot 2771589125: Logging in...
2021-05-28 19:29:13 V/Net 2771589125: Loading BdhSession from cache file
2021-05-28 19:29:13 V/Net 2771589125: Loading server list from cache.
2021-05-28 19:29:13 I/Net 2771589125: Connected to server 14.18.180.228:443
2021-05-28 19:29:13 V/Net 2771589125: Send: wtlogin.exchange_emp
2021-05-28 19:29:14 V/Net 2771589125: Recv: LoginPacketResponse.Success
2021-05-28 19:29:14 V/Net 2771589125: Send: StatSvc.register
2021-05-28 19:29:14 I/Net 2771589125: Saved account secrets to local cache for fast login.
2021-05-28 19:29:14 V/Net 2771589125: Recv: Response(StatSvc.register)
2021-05-28 19:29:14 I/Net 2771589125: Awaiting ConfigPushSvc.PushReq.
2021-05-28 19:29:14 I/Net 2771589125: Syncing friend message history...
2021-05-28 19:29:14 I/Net 2771589125: Start loading stranger list...
2021-05-28 19:29:14 I/Net 2771589125: Start loading friend list...
2021-05-28 19:29:14 V/Net 2771589125: Send: MessageSvc.PbGetMsg
2021-05-28 19:29:14 V/Net 2771589125: Send: MessageSvc.PbDeleteMsg
2021-05-28 19:29:14 D/Net 2771589125: unknown PbGetMsg type 528, data=08 4E 12 3F 08 E5 C7 89 9C 0E 10 E5 EE F4 9B 01 18 17 22 2F 0A 2D 0A 20 36 35 33 37 37 64 31 33 30 30 30 30 30 30 30 30 64 62 64 33 62 30 36 30 62 36 38 65 30 35 30 30 10 A4 AF 96 B7 03 1D DB D3 B0 60
2021-05-28 19:29:14 V/Net 2771589125: Send: OidbSvc.0x496
2021-05-28 19:29:14 V/Net 2771589125: Recv: TroopManagement.GetTroopConfig.Response(true)
2021-05-28 19:29:14 I/Net 2771589125: Start loading group list...
2021-05-28 19:29:14 V/Net 2771589125: Send: OidbSvc.0x5d2_0
2021-05-28 19:29:14 V/Net 2771589125: Recv: StrangerList.GetStrangerList.Response(result=0)
2021-05-28 19:29:14 I/Net 2771589125: Successfully loaded stranger list: 0 in total
2021-05-28 19:29:14 V/Net 2771589125: Send: StatSvc.GetDevLoginInfo
2021-05-28 19:29:14 V/Net 2771589125: Recv: StatSvc.GetDevLoginInfo.Response(deviceList.size=2)
2021-05-28 19:29:14 I/Bot 2771589125: Online OtherClients: DESKTOP-0D6F4I3(WINDOWS)
2021-05-28 19:29:14 V/Net 2771589125: Send: friendlist.getFriendGroupList
2021-05-28 19:29:15 V/Net 2771589125: Recv: FriendList.GetFriendGroupList.Response
2021-05-28 19:29:15 V/Net 2771589125: Loading friend list: 150/606
2021-05-28 19:29:15 V/Net 2771589125: Send: MessageSvc.PbGetMsg
2021-05-28 19:29:15 V/Net 2771589125: Send: MessageSvc.PbDeleteMsg
2021-05-28 19:29:15 V/Net 2771589125: Send: friendlist.GetTroopListReqV2
2021-05-28 19:29:15 D/Net 2771589125: Received unknown commandName: MultiVideo.s2c
2021-05-28 19:29:16 V/Net 2771589125: Recv: FriendList.GetFriendGroupList.Response
2021-05-28 19:29:16 V/Net 2771589125: Send: friendlist.getFriendGroupList
2021-05-28 19:29:16 V/Net 2771589125: Recv: FriendList.GetFriendGroupList.Response
2021-05-28 19:29:16 V/Net 2771589125: Loading friend list: 300/606
2021-05-28 19:29:16 V/Net 2771589125: Send: MessageSvc.PbGetMsg
2021-05-28 19:29:16 V/Net 2771589125: Send: MessageSvc.PbDeleteMsg
2021-05-28 19:29:16 V/Net 2771589125: Send: friendlist.GetTroopMemberListReq
2021-05-28 19:29:16 V/Net 2771589125: Recv: FriendList.GetTroopMemberList.Response
2021-05-28 19:29:16 V/Net 2771589125: Send: friendlist.GetTroopMemberListReq
2021-05-28 19:29:16 V/Net 2771589125: Recv: FriendList.GetTroopMemberList.Response
2021-05-28 19:29:16 V/Net 2771589125: Send: friendlist.GetTroopMemberListReq
2021-05-28 19:29:17 V/Net 2771589125: Recv: FriendList.GetTroopMemberList.Response
2021-05-28 19:29:17 V/Net 2771589125: Send: friendlist.GetTroopMemberListReq
2021-05-28 19:29:17 V/Net 2771589125: Recv: FriendList.GetTroopMemberList.Response
2021-05-28 19:29:17 V/Net 2771589125: Send: friendlist.GetTroopMemberListReq
2021-05-28 19:29:17 D/Net 2771589125: Received unknown commandName: ConfigPushSvc.PushDomain
2021-05-28 19:29:17 V/Net 2771589125: Recv: ConfigPushSvc.PushReq.PushReqResponse.ConfigPush
2021-05-28 19:29:17 V/Net 2771589125: Recv: FriendList.GetTroopMemberList.Response
2021-05-28 19:29:17 V/Net 2771589125: Send: friendlist.GetTroopMemberListReq
2021-05-28 19:29:17 V/Net 2771589125: Saving bdh session to cache
2021-05-28 19:29:17 V/Net 2771589125: Send: ConfigPushSvc.PushResp
2021-05-28 19:29:17 I/Net 2771589125: ConfigPushSvc.PushReq: Config updated.
2021-05-28 19:29:17 V/Net 2771589125: Recv: FriendList.GetTroopMemberList.Response
2021-05-28 19:29:17 V/Net 2771589125: Send: friendlist.GetTroopMemberListReq
2021-05-28 19:29:17 V/Net 2771589125: Recv: FriendList.GetTroopMemberList.Response
2021-05-28 19:29:17 V/Net 2771589125: Send: friendlist.GetTroopMemberListReq
2021-05-28 19:29:17 V/Net 2771589125: Recv: FriendList.GetTroopMemberList.Response
2021-05-28 19:29:17 V/Net 2771589125: Send: friendlist.GetTroopMemberListReq
2021-05-28 19:29:17 V/Net 2771589125: Recv: FriendList.GetTroopMemberList.Response
2021-05-28 19:29:17 V/Net 2771589125: Send: friendlist.GetTroopMemberListReq
2021-05-28 19:29:18 V/Net 2771589125: Recv: FriendList.GetTroopMemberList.Response
2021-05-28 19:29:18 V/Net 2771589125: Send: friendlist.GetTroopMemberListReq
2021-05-28 19:29:18 V/Net 2771589125: Recv: FriendList.GetTroopMemberList.Response
2021-05-28 19:29:18 V/Net 2771589125: Send: friendlist.GetTroopMemberListReq
2021-05-28 19:29:18 V/Net 2771589125: Recv: FriendList.GetTroopMemberList.Response
2021-05-28 19:29:18 V/Net 2771589125: Send: friendlist.GetTroopMemberListReq
2021-05-28 19:29:18 V/Net 2771589125: Recv: FriendList.GetTroopMemberList.Response
2021-05-28 19:29:18 V/Net 2771589125: Send: friendlist.GetTroopMemberListReq
2021-05-28 19:29:19 V/Net 2771589125: Recv: FriendList.GetTroopMemberList.Response
2021-05-28 19:29:19 V/Net 2771589125: Send: friendlist.GetTroopMemberListReq
2021-05-28 19:29:19 V/Net 2771589125: Recv: FriendList.GetTroopMemberList.Response
2021-05-28 19:29:19 V/Net 2771589125: Send: friendlist.GetTroopMemberListReq
2021-05-28 19:29:19 V/Net 2771589125: Recv: FriendList.GetTroopMemberList.Response
2021-05-28 19:29:19 V/Net 2771589125: Send: friendlist.GetTroopMemberListReq
2021-05-28 19:29:19 V/Net 2771589125: Recv: FriendList.GetTroopMemberList.Response
2021-05-28 19:29:19 V/Net 2771589125: Send: friendlist.GetTroopMemberListReq
2021-05-28 19:29:20 V/Net 2771589125: Recv: FriendList.GetTroopMemberList.Response
2021-05-28 19:29:20 V/Net 2771589125: Send: friendlist.GetTroopMemberListReq
2021-05-28 19:29:20 V/Net 2771589125: Recv: FriendList.GetTroopMemberList.Response
2021-05-28 19:29:20 V/Net 2771589125: Send: friendlist.GetTroopMemberListReq
2021-05-28 19:29:20 V/Net 2771589125: Recv: FriendList.GetTroopMemberList.Response
2021-05-28 19:29:20 V/Net 2771589125: Send: friendlist.GetTroopMemberListReq
2021-05-28 19:29:20 V/Net 2771589125: Recv: FriendList.GetTroopMemberList.Response
2021-05-28 19:29:20 V/Net 2771589125: Send: friendlist.GetTroopMemberListReq
2021-05-28 19:29:21 V/Net 2771589125: Recv: FriendList.GetTroopMemberList.Response
2021-05-28 19:29:21 V/Net 2771589125: Send: friendlist.GetTroopMemberListReq
2021-05-28 19:29:21 V/Net 2771589125: Recv: FriendList.GetTroopMemberList.Response
2021-05-28 19:29:21 V/Net 2771589125: Send: friendlist.GetTroopMemberListReq
2021-05-28 19:29:21 V/Net 2771589125: Recv: FriendList.GetTroopMemberList.Response
2021-05-28 19:29:21 V/Net 2771589125: Send: friendlist.GetTroopMemberListReq
2021-05-28 19:29:21 V/Net 2771589125: Recv: FriendList.GetTroopMemberList.Response
2021-05-28 19:29:21 V/Net 2771589125: Send: friendlist.GetTroopMemberListReq
2021-05-28 19:29:22 V/Net 2771589125: Recv: FriendList.GetTroopMemberList.Response
2021-05-28 19:29:22 V/Net 2771589125: Send: friendlist.GetTroopMemberListReq
2021-05-28 19:29:22 V/Net 2771589125: Recv: FriendList.GetTroopMemberList.Response
2021-05-28 19:29:22 V/Net 2771589125: Send: friendlist.GetTroopMemberListReq
2021-05-28 19:29:22 V/Net 2771589125: Recv: FriendList.GetTroopMemberList.Response
2021-05-28 19:29:22 V/Net 2771589125: Send: friendlist.GetTroopMemberListReq
2021-05-28 19:29:22 V/Net 2771589125: Recv: FriendList.GetTroopMemberList.Response
2021-05-28 19:29:22 V/Net 2771589125: Send: friendlist.GetTroopMemberListReq
2021-05-28 19:29:23 V/Net 2771589125: Recv: FriendList.GetTroopMemberList.Response
2021-05-28 19:29:23 V/Net 2771589125: Send: friendlist.getFriendGroupList
2021-05-28 19:29:23 V/Net 2771589125: Recv: FriendList.GetFriendGroupList.Response
2021-05-28 19:29:23 V/Net 2771589125: Loading friend list: 450/606
2021-05-28 19:29:23 V/Net 2771589125: Send: MessageSvc.PbGetMsg
2021-05-28 19:29:23 V/Net 2771589125: Send: MessageSvc.PbDeleteMsg
2021-05-28 19:29:23 V/Net 2771589125: Send: friendlist.GetTroopMemberListReq
2021-05-28 19:29:23 V/Net 2771589125: Recv: FriendList.GetTroopMemberList.Response
2021-05-28 19:29:23 V/Net 2771589125: Send: friendlist.GetTroopMemberListReq
2021-05-28 19:29:23 V/Net 2771589125: Recv: FriendList.GetTroopMemberList.Response
2021-05-28 19:29:23 V/Net 2771589125: Send: friendlist.GetTroopMemberListReq
2021-05-28 19:29:23 V/Net 2771589125: Recv: FriendList.GetTroopMemberList.Response
2021-05-28 19:29:23 V/Net 2771589125: Send: friendlist.GetTroopMemberListReq
2021-05-28 19:29:24 V/Net 2771589125: Recv: FriendList.GetTroopMemberList.Response
2021-05-28 19:29:24 V/Net 2771589125: Send: friendlist.GetTroopMemberListReq
2021-05-28 19:29:24 V/Net 2771589125: Recv: FriendList.GetTroopMemberList.Response
2021-05-28 19:29:24 V/Net 2771589125: Send: friendlist.GetTroopMemberListReq
2021-05-28 19:29:24 V/Net 2771589125: Recv: FriendList.GetTroopMemberList.Response
2021-05-28 19:29:24 V/Net 2771589125: Send: friendlist.GetTroopMemberListReq
2021-05-28 19:29:24 V/Net 2771589125: Recv: FriendList.GetTroopMemberList.Response
2021-05-28 19:29:24 V/Net 2771589125: Send: friendlist.GetTroopMemberListReq
2021-05-28 19:29:24 V/Net 2771589125: Recv: FriendList.GetTroopMemberList.Response
2021-05-28 19:29:24 V/Net 2771589125: Send: friendlist.GetTroopMemberListReq
2021-05-28 19:29:25 V/Net 2771589125: Recv: FriendList.GetTroopMemberList.Response
2021-05-28 19:29:25 V/Net 2771589125: Send: friendlist.GetTroopMemberListReq
2021-05-28 19:29:25 V/Net 2771589125: Recv: FriendList.GetTroopMemberList.Response
2021-05-28 19:29:25 V/Net 2771589125: Send: friendlist.GetTroopMemberListReq
2021-05-28 19:29:25 V/Net 2771589125: Recv: FriendList.GetTroopMemberList.Response
2021-05-28 19:29:25 V/Net 2771589125: Send: friendlist.GetTroopMemberListReq
2021-05-28 19:29:25 V/Net 2771589125: Recv: FriendList.GetTroopMemberList.Response
2021-05-28 19:29:25 V/Net 2771589125: Send: friendlist.GetTroopMemberListReq
2021-05-28 19:29:26 V/Net 2771589125: Recv: FriendList.GetTroopMemberList.Response
2021-05-28 19:29:26 V/Net 2771589125: Send: friendlist.GetTroopMemberListReq
2021-05-28 19:29:26 V/Net 2771589125: Recv: FriendList.GetTroopMemberList.Response
2021-05-28 19:29:26 V/Net 2771589125: Send: friendlist.GetTroopMemberListReq
2021-05-28 19:29:26 V/Net 2771589125: Recv: FriendList.GetTroopMemberList.Response
2021-05-28 19:29:26 V/Net 2771589125: Send: friendlist.GetTroopMemberListReq
2021-05-28 19:29:26 V/Net 2771589125: Recv: FriendList.GetTroopMemberList.Response
2021-05-28 19:29:26 V/Net 2771589125: Send: friendlist.GetTroopMemberListReq
2021-05-28 19:29:26 V/Net 2771589125: Recv: FriendList.GetTroopMemberList.Response
2021-05-28 19:29:26 V/Net 2771589125: Send: friendlist.GetTroopMemberListReq
2021-05-28 19:29:27 V/Net 2771589125: Recv: FriendList.GetTroopMemberList.Response
2021-05-28 19:29:27 V/Net 2771589125: Send: friendlist.GetTroopMemberListReq
2021-05-28 19:29:27 V/Net 2771589125: Recv: FriendList.GetTroopMemberList.Response
2021-05-28 19:29:27 V/Net 2771589125: Send: friendlist.GetTroopMemberListReq
2021-05-28 19:29:27 V/Net 2771589125: Recv: FriendList.GetTroopMemberList.Response
2021-05-28 19:29:27 V/Net 2771589125: Send: friendlist.GetTroopMemberListReq
2021-05-28 19:29:27 V/Net 2771589125: Recv: FriendList.GetTroopMemberList.Response
2021-05-28 19:29:27 V/Net 2771589125: Send: friendlist.GetTroopMemberListReq
2021-05-28 19:29:27 V/Net 2771589125: Recv: FriendList.GetTroopMemberList.Response
2021-05-28 19:29:27 V/Net 2771589125: Send: friendlist.GetTroopMemberListReq
2021-05-28 19:29:28 V/Net 2771589125: Recv: FriendList.GetTroopMemberList.Response
2021-05-28 19:29:28 V/Net 2771589125: Send: friendlist.GetTroopMemberListReq
2021-05-28 19:29:28 V/Net 2771589125: Recv: FriendList.GetTroopMemberList.Response
2021-05-28 19:29:28 V/Net 2771589125: Send: friendlist.GetTroopMemberListReq
2021-05-28 19:29:28 V/Net 2771589125: Recv: FriendList.GetTroopMemberList.Response
2021-05-28 19:29:28 V/Net 2771589125: Send: friendlist.GetTroopMemberListReq
2021-05-28 19:29:28 V/Net 2771589125: Recv: FriendList.GetTroopMemberList.Response
2021-05-28 19:29:28 V/Net 2771589125: Send: friendlist.GetTroopMemberListReq
2021-05-28 19:29:28 V/Net 2771589125: Recv: FriendList.GetTroopMemberList.Response
2021-05-28 19:29:28 V/Net 2771589125: Send: friendlist.GetTroopMemberListReq
2021-05-28 19:29:28 V/Net 2771589125: Recv: FriendList.GetTroopMemberList.Response
2021-05-28 19:29:28 V/Net 2771589125: Send: friendlist.GetTroopMemberListReq
2021-05-28 19:29:29 V/Net 2771589125: Recv: FriendList.GetTroopMemberList.Response
2021-05-28 19:29:29 V/Net 2771589125: Send: friendlist.GetTroopMemberListReq
2021-05-28 19:29:29 V/Net 2771589125: Recv: FriendList.GetTroopMemberList.Response
2021-05-28 19:29:29 V/Net 2771589125: Send: friendlist.getFriendGroupList
2021-05-28 19:29:29 V/Net 2771589125: Recv: FriendList.GetFriendGroupList.Response
2021-05-28 19:29:29 V/Net 2771589125: Loading friend list: 600/606
2021-05-28 19:29:29 V/Net 2771589125: Send: MessageSvc.PbGetMsg
2021-05-28 19:29:29 V/Net 2771589125: Send: MessageSvc.PbDeleteMsg
2021-05-28 19:29:29 I/Net 2771589125: Syncing friend message history: Success.
2021-05-28 19:29:29 V/Net 2771589125: Send: friendlist.GetTroopMemberListReq
2021-05-28 19:29:29 V/Net 2771589125: Recv: FriendList.GetTroopMemberList.Response
2021-05-28 19:29:29 V/Net 2771589125: Send: friendlist.GetTroopMemberListReq
2021-05-28 19:29:29 V/Net 2771589125: Recv: FriendList.GetTroopMemberList.Response
2021-05-28 19:29:29 V/Net 2771589125: Send: friendlist.GetTroopMemberListReq
2021-05-28 19:29:30 V/Net 2771589125: Recv: FriendList.GetTroopMemberList.Response
2021-05-28 19:29:30 V/Net 2771589125: Send: friendlist.GetTroopMemberListReq
2021-05-28 19:29:30 V/Net 2771589125: Recv: FriendList.GetTroopMemberList.Response
2021-05-28 19:29:30 V/Net 2771589125: Send: friendlist.GetTroopMemberListReq
2021-05-28 19:29:30 V/Net 2771589125: Recv: FriendList.GetTroopMemberList.Response
2021-05-28 19:29:30 V/Net 2771589125: Send: friendlist.GetTroopMemberListReq
2021-05-28 19:29:30 V/Net 2771589125: Recv: FriendList.GetTroopMemberList.Response
2021-05-28 19:29:30 V/Net 2771589125: Send: friendlist.GetTroopMemberListReq
2021-05-28 19:29:31 V/Net 2771589125: Recv: FriendList.GetTroopMemberList.Response
2021-05-28 19:29:31 V/Net 2771589125: Send: friendlist.GetTroopMemberListReq
2021-05-28 19:29:31 V/Net 2771589125: Recv: FriendList.GetTroopMemberList.Response
2021-05-28 19:29:31 V/Net 2771589125: Send: friendlist.GetTroopMemberListReq
2021-05-28 19:29:31 V/Net 2771589125: Recv: FriendList.GetTroopMemberList.Response
2021-05-28 19:29:31 V/Net 2771589125: Send: friendlist.GetTroopMemberListReq
2021-05-28 19:29:31 V/Net 2771589125: Recv: FriendList.GetTroopMemberList.Response
2021-05-28 19:29:31 V/Net 2771589125: Send: friendlist.GetTroopMemberListReq
2021-05-28 19:29:31 V/Net 2771589125: Recv: FriendList.GetTroopMemberList.Response
2021-05-28 19:29:31 V/Net 2771589125: Send: friendlist.GetTroopMemberListReq
2021-05-28 19:29:32 V/Net 2771589125: Recv: FriendList.GetTroopMemberList.Response
2021-05-28 19:29:32 V/Net 2771589125: Send: friendlist.GetTroopMemberListReq
2021-05-28 19:29:32 V/Net 2771589125: Recv: FriendList.GetTroopMemberList.Response
2021-05-28 19:29:32 V/Net 2771589125: Send: friendlist.GetTroopMemberListReq
2021-05-28 19:29:32 V/Net 2771589125: Recv: FriendList.GetTroopMemberList.Response
2021-05-28 19:29:32 V/Net 2771589125: Send: friendlist.GetTroopMemberListReq
2021-05-28 19:29:32 V/Net 2771589125: Recv: FriendList.GetTroopMemberList.Response
2021-05-28 19:29:32 V/Net 2771589125: Send: friendlist.GetTroopMemberListReq
2021-05-28 19:29:32 V/Net 2771589125: Recv: FriendList.GetTroopMemberList.Response
2021-05-28 19:29:32 V/Net 2771589125: Send: friendlist.GetTroopMemberListReq
2021-05-28 19:29:33 V/Net 2771589125: Recv: FriendList.GetTroopMemberList.Response
2021-05-28 19:29:33 V/Net 2771589125: Send: friendlist.GetTroopMemberListReq
2021-05-28 19:29:33 V/Net 2771589125: Recv: FriendList.GetTroopMemberList.Response
2021-05-28 19:29:33 V/Net 2771589125: Send: friendlist.GetTroopMemberListReq
2021-05-28 19:29:33 V/Net 2771589125: Recv: FriendList.GetTroopMemberList.Response
2021-05-28 19:29:33 V/Net 2771589125: Send: friendlist.GetTroopMemberListReq
2021-05-28 19:29:33 V/Net 2771589125: Recv: FriendList.GetTroopMemberList.Response
2021-05-28 19:29:33 V/Net 2771589125: Send: friendlist.GetTroopMemberListReq
2021-05-28 19:29:34 V/Net 2771589125: Recv: FriendList.GetTroopMemberList.Response
2021-05-28 19:29:34 V/Net 2771589125: Send: friendlist.GetTroopMemberListReq
2021-05-28 19:29:34 V/Net 2771589125: Recv: FriendList.GetTroopMemberList.Response
2021-05-28 19:29:34 V/Net 2771589125: Send: friendlist.GetTroopMemberListReq
2021-05-28 19:29:34 V/Net 2771589125: Recv: FriendList.GetTroopMemberList.Response
2021-05-28 19:29:34 V/Net 2771589125: Send: friendlist.GetTroopMemberListReq
2021-05-28 19:29:34 V/Net 2771589125: Recv: FriendList.GetTroopMemberList.Response
2021-05-28 19:29:34 V/Net 2771589125: Send: friendlist.GetTroopMemberListReq
2021-05-28 19:29:34 V/Net 2771589125: Recv: FriendList.GetTroopMemberList.Response
2021-05-28 19:29:34 V/Net 2771589125: Send: friendlist.GetTroopMemberListReq
2021-05-28 19:29:35 V/Net 2771589125: Recv: FriendList.GetTroopMemberList.Response
2021-05-28 19:29:35 V/Net 2771589125: Send: friendlist.GetTroopMemberListReq
2021-05-28 19:29:35 V/Net 2771589125: Recv: FriendList.GetTroopMemberList.Response
2021-05-28 19:29:35 V/Net 2771589125: Send: friendlist.GetTroopMemberListReq
2021-05-28 19:29:35 V/Net 2771589125: Recv: FriendList.GetTroopMemberList.Response
2021-05-28 19:29:35 V/Net 2771589125: Send: friendlist.GetTroopMemberListReq
2021-05-28 19:29:35 V/Net 2771589125: Recv: FriendList.GetTroopMemberList.Response
2021-05-28 19:29:35 V/Net 2771589125: Send: friendlist.GetTroopMemberListReq
2021-05-28 19:29:36 V/Net 2771589125: Recv: FriendList.GetTroopMemberList.Response
2021-05-28 19:29:36 V/Net 2771589125: Send: friendlist.getFriendGroupList
2021-05-28 19:29:36 V/Net 2771589125: Recv: FriendList.GetFriendGroupList.Response
2021-05-28 19:29:36 V/Net 2771589125: Loading friend list: 606/606
2021-05-28 19:29:36 I/Net 2771589125: Successfully loaded friend list: 606 in total
2021-05-28 19:29:36 V/Net 2771589125: Send: friendlist.GetTroopMemberListReq
2021-05-28 19:29:36 V/Net 2771589125: Recv: FriendList.GetTroopMemberList.Response
2021-05-28 19:29:36 V/Net 2771589125: Send: friendlist.GetTroopMemberListReq
2021-05-28 19:29:36 V/Net 2771589125: Recv: FriendList.GetTroopMemberList.Response
2021-05-28 19:29:36 V/Net 2771589125: Send: friendlist.GetTroopMemberListReq
2021-05-28 19:29:36 V/Net 2771589125: Recv: FriendList.GetTroopMemberList.Response
2021-05-28 19:29:36 V/Net 2771589125: Send: friendlist.GetTroopMemberListReq
2021-05-28 19:29:36 V/Net 2771589125: Recv: FriendList.GetTroopMemberList.Response
2021-05-28 19:29:36 V/Net 2771589125: Send: friendlist.GetTroopMemberListReq
2021-05-28 19:29:37 V/Net 2771589125: Recv: FriendList.GetTroopMemberList.Response
2021-05-28 19:29:37 V/Net 2771589125: Send: friendlist.GetTroopMemberListReq
2021-05-28 19:29:37 V/Net 2771589125: Recv: FriendList.GetTroopMemberList.Response
2021-05-28 19:29:37 V/Net 2771589125: Send: friendlist.GetTroopMemberListReq
2021-05-28 19:29:37 V/Net 2771589125: Recv: FriendList.GetTroopMemberList.Response
2021-05-28 19:29:37 V/Net 2771589125: Send: friendlist.GetTroopMemberListReq
2021-05-28 19:29:37 V/Net 2771589125: Recv: FriendList.GetTroopMemberList.Response
2021-05-28 19:29:37 V/Net 2771589125: Send: friendlist.GetTroopMemberListReq
2021-05-28 19:29:38 V/Net 2771589125: Recv: FriendList.GetTroopMemberList.Response
2021-05-28 19:29:38 V/Net 2771589125: Send: friendlist.GetTroopMemberListReq
2021-05-28 19:29:38 V/Net 2771589125: Recv: FriendList.GetTroopMemberList.Response
2021-05-28 19:29:38 V/Net 2771589125: Send: friendlist.GetTroopMemberListReq
2021-05-28 19:29:38 V/Net 2771589125: Recv: FriendList.GetTroopMemberList.Response
2021-05-28 19:29:38 V/Net 2771589125: Send: friendlist.GetTroopMemberListReq
2021-05-28 19:29:38 V/Net 2771589125: Recv: FriendList.GetTroopMemberList.Response
2021-05-28 19:29:38 V/Net 2771589125: Send: friendlist.GetTroopMemberListReq
2021-05-28 19:29:38 V/Net 2771589125: Recv: FriendList.GetTroopMemberList.Response
2021-05-28 19:29:38 V/Net 2771589125: Send: friendlist.GetTroopMemberListReq
2021-05-28 19:29:39 V/Net 2771589125: Recv: FriendList.GetTroopMemberList.Response
2021-05-28 19:29:39 V/Net 2771589125: Send: friendlist.GetTroopMemberListReq
2021-05-28 19:29:39 V/Net 2771589125: Recv: FriendList.GetTroopMemberList.Response
2021-05-28 19:29:39 V/Net 2771589125: Send: friendlist.GetTroopMemberListReq
2021-05-28 19:29:39 V/Net 2771589125: Recv: FriendList.GetTroopMemberList.Response
2021-05-28 19:29:39 V/Net 2771589125: Send: friendlist.GetTroopMemberListReq
2021-05-28 19:29:39 V/Net 2771589125: Recv: FriendList.GetTroopMemberList.Response
2021-05-28 19:29:39 V/Net 2771589125: Send: friendlist.GetTroopMemberListReq
2021-05-28 19:29:40 V/Net 2771589125: Recv: FriendList.GetTroopMemberList.Response
2021-05-28 19:29:40 V/Net 2771589125: Send: friendlist.GetTroopMemberListReq
2021-05-28 19:29:40 V/Net 2771589125: Recv: FriendList.GetTroopMemberList.Response
2021-05-28 19:29:40 V/Net 2771589125: Send: friendlist.GetTroopMemberListReq
2021-05-28 19:29:40 V/Net 2771589125: Recv: FriendList.GetTroopMemberList.Response
2021-05-28 19:29:40 V/Net 2771589125: Send: friendlist.GetTroopMemberListReq
2021-05-28 19:29:40 V/Net 2771589125: Recv: FriendList.GetTroopMemberList.Response
2021-05-28 19:29:40 V/Net 2771589125: Send: friendlist.GetTroopMemberListReq
2021-05-28 19:29:41 V/Net 2771589125: Recv: FriendList.GetTroopMemberList.Response
2021-05-28 19:29:41 V/Net 2771589125: Send: friendlist.GetTroopMemberListReq
2021-05-28 19:29:41 V/Net 2771589125: Recv: FriendList.GetTroopMemberList.Response
2021-05-28 19:29:41 V/Net 2771589125: Send: friendlist.GetTroopMemberListReq
2021-05-28 19:29:41 V/Net 2771589125: Recv: FriendList.GetTroopMemberList.Response
2021-05-28 19:29:41 V/Net 2771589125: Send: friendlist.GetTroopMemberListReq
2021-05-28 19:29:41 V/Net 2771589125: Recv: FriendList.GetTroopMemberList.Response
2021-05-28 19:29:41 V/Net 2771589125: Send: friendlist.GetTroopMemberListReq
2021-05-28 19:29:41 V/Net 2771589125: Recv: FriendList.GetTroopMemberList.Response
2021-05-28 19:29:41 V/Net 2771589125: Send: friendlist.GetTroopMemberListReq
2021-05-28 19:29:41 V/Net 2771589125: Recv: FriendList.GetTroopMemberList.Response
2021-05-28 19:29:41 V/Net 2771589125: Send: friendlist.GetTroopMemberListReq
2021-05-28 19:29:42 V/Net 2771589125: Recv: FriendList.GetTroopMemberList.Response
2021-05-28 19:29:42 V/Net 2771589125: Send: friendlist.GetTroopMemberListReq
2021-05-28 19:29:42 V/Net 2771589125: Recv: FriendList.GetTroopMemberList.Response
2021-05-28 19:29:42 V/Net 2771589125: Send: friendlist.GetTroopMemberListReq
2021-05-28 19:29:42 V/Net 2771589125: Recv: FriendList.GetTroopMemberList.Response
2021-05-28 19:29:42 V/Net 2771589125: Send: friendlist.GetTroopMemberListReq
2021-05-28 19:29:42 V/Net 2771589125: Recv: FriendList.GetTroopMemberList.Response
2021-05-28 19:29:42 V/Net 2771589125: Send: friendlist.GetTroopMemberListReq
2021-05-28 19:29:42 V/Net 2771589125: Recv: FriendList.GetTroopMemberList.Response
2021-05-28 19:29:42 V/Net 2771589125: Send: friendlist.GetTroopMemberListReq
2021-05-28 19:29:43 V/Net 2771589125: Recv: FriendList.GetTroopMemberList.Response
2021-05-28 19:29:43 V/Net 2771589125: Send: friendlist.GetTroopMemberListReq
2021-05-28 19:29:43 V/Net 2771589125: Recv: FriendList.GetTroopMemberList.Response
2021-05-28 19:29:43 V/Net 2771589125: Send: friendlist.GetTroopMemberListReq
2021-05-28 19:29:43 V/Net 2771589125: Recv: FriendList.GetTroopMemberList.Response
2021-05-28 19:29:43 V/Net 2771589125: Send: friendlist.GetTroopMemberListReq
2021-05-28 19:29:43 V/Net 2771589125: Recv: FriendList.GetTroopMemberList.Response
2021-05-28 19:29:43 V/Net 2771589125: Send: friendlist.GetTroopMemberListReq
2021-05-28 19:29:43 V/Net 2771589125: Recv: FriendList.GetTroopMemberList.Response
2021-05-28 19:29:43 V/Net 2771589125: Send: friendlist.GetTroopMemberListReq
2021-05-28 19:29:44 V/Net 2771589125: Recv: FriendList.GetTroopMemberList.Response
2021-05-28 19:29:44 V/Net 2771589125: Send: friendlist.GetTroopMemberListReq
2021-05-28 19:29:44 V/Net 2771589125: Recv: FriendList.GetTroopMemberList.Response
2021-05-28 19:29:44 V/Net 2771589125: Send: friendlist.GetTroopMemberListReq
2021-05-28 19:29:44 V/Net 2771589125: Recv: FriendList.GetTroopMemberList.Response
2021-05-28 19:29:44 V/Net 2771589125: Send: friendlist.GetTroopMemberListReq
2021-05-28 19:29:44 V/Net 2771589125: Recv: FriendList.GetTroopMemberList.Response
2021-05-28 19:29:44 V/Net 2771589125: Send: friendlist.GetTroopMemberListReq
2021-05-28 19:29:44 V/Net 2771589125: Recv: FriendList.GetTroopMemberList.Response
2021-05-28 19:29:44 V/Net 2771589125: Send: friendlist.GetTroopMemberListReq
2021-05-28 19:29:44 V/Net 2771589125: Recv: FriendList.GetTroopMemberList.Response
2021-05-28 19:29:44 V/Net 2771589125: Send: friendlist.GetTroopMemberListReq
2021-05-28 19:29:45 V/Net 2771589125: Recv: FriendList.GetTroopMemberList.Response
2021-05-28 19:29:45 V/Net 2771589125: Send: friendlist.GetTroopMemberListReq
2021-05-28 19:29:45 V/Net 2771589125: Recv: FriendList.GetTroopMemberList.Response
2021-05-28 19:29:45 V/Net 2771589125: Send: friendlist.GetTroopMemberListReq
2021-05-28 19:29:45 V/Net 2771589125: Recv: FriendList.GetTroopMemberList.Response
2021-05-28 19:29:45 V/Net 2771589125: Send: friendlist.GetTroopMemberListReq
2021-05-28 19:29:45 V/Net 2771589125: Recv: FriendList.GetTroopMemberList.Response
2021-05-28 19:29:45 V/Net 2771589125: Send: friendlist.GetTroopMemberListReq
2021-05-28 19:29:46 V/Net 2771589125: Recv: FriendList.GetTroopMemberList.Response
2021-05-28 19:29:46 V/Net 2771589125: Send: friendlist.GetTroopMemberListReq
2021-05-28 19:29:46 V/Net 2771589125: Recv: FriendList.GetTroopMemberList.Response
2021-05-28 19:29:46 V/Net 2771589125: Send: friendlist.GetTroopMemberListReq
2021-05-28 19:29:46 V/Net 2771589125: Recv: FriendList.GetTroopMemberList.Response
2021-05-28 19:29:46 V/Net 2771589125: Send: friendlist.GetTroopMemberListReq
2021-05-28 19:29:46 V/Net 2771589125: Recv: FriendList.GetTroopMemberList.Response
2021-05-28 19:29:46 V/Net 2771589125: Send: friendlist.GetTroopMemberListReq
2021-05-28 19:29:47 V/Net 2771589125: Recv: FriendList.GetTroopMemberList.Response
2021-05-28 19:29:47 V/Net 2771589125: Send: friendlist.GetTroopMemberListReq
2021-05-28 19:29:47 V/Net 2771589125: Recv: FriendList.GetTroopMemberList.Response
2021-05-28 19:29:47 V/Net 2771589125: Send: friendlist.GetTroopMemberListReq
2021-05-28 19:29:47 V/Net 2771589125: Recv: FriendList.GetTroopMemberList.Response
2021-05-28 19:29:47 V/Net 2771589125: Send: friendlist.GetTroopMemberListReq
2021-05-28 19:29:47 V/Net 2771589125: Recv: FriendList.GetTroopMemberList.Response
2021-05-28 19:29:47 V/Net 2771589125: Send: friendlist.GetTroopMemberListReq
2021-05-28 19:29:48 V/Net 2771589125: Recv: FriendList.GetTroopMemberList.Response
2021-05-28 19:29:48 V/Net 2771589125: Send: friendlist.GetTroopMemberListReq
2021-05-28 19:29:48 V/Net 2771589125: Recv: FriendList.GetTroopMemberList.Response
2021-05-28 19:29:48 V/Net 2771589125: Send: friendlist.GetTroopMemberListReq
2021-05-28 19:29:48 V/Net 2771589125: Recv: FriendList.GetTroopMemberList.Response
2021-05-28 19:29:48 V/Net 2771589125: Send: friendlist.GetTroopMemberListReq
2021-05-28 19:29:48 V/Net 2771589125: Recv: FriendList.GetTroopMemberList.Response
2021-05-28 19:29:48 V/Net 2771589125: Send: friendlist.GetTroopMemberListReq
2021-05-28 19:29:49 V/Net 2771589125: Recv: FriendList.GetTroopMemberList.Response
2021-05-28 19:29:49 V/Net 2771589125: Send: friendlist.GetTroopMemberListReq
2021-05-28 19:29:49 V/Net 2771589125: Recv: FriendList.GetTroopMemberList.Response
2021-05-28 19:29:49 V/Net 2771589125: Send: friendlist.GetTroopMemberListReq
2021-05-28 19:29:49 V/Net 2771589125: Recv: FriendList.GetTroopMemberList.Response
2021-05-28 19:29:49 V/Net 2771589125: Send: friendlist.GetTroopMemberListReq
2021-05-28 19:29:49 V/Net 2771589125: Recv: FriendList.GetTroopMemberList.Response
2021-05-28 19:29:49 V/Net 2771589125: Send: friendlist.GetTroopMemberListReq
2021-05-28 19:29:49 V/Net 2771589125: Recv: FriendList.GetTroopMemberList.Response
2021-05-28 19:29:49 V/Net 2771589125: Send: friendlist.GetTroopMemberListReq
2021-05-28 19:29:50 V/Net 2771589125: Recv: FriendList.GetTroopMemberList.Response
2021-05-28 19:29:50 V/Net 2771589125: Send: friendlist.GetTroopMemberListReq
2021-05-28 19:29:50 V/Net 2771589125: Recv: FriendList.GetTroopMemberList.Response
2021-05-28 19:29:50 V/Net 2771589125: Send: friendlist.GetTroopMemberListReq
2021-05-28 19:29:50 V/Net 2771589125: Recv: FriendList.GetTroopMemberList.Response
2021-05-28 19:29:50 V/Net 2771589125: Send: friendlist.GetTroopMemberListReq
